
--- WEBHOOK RECEIVED [2026-02-02T22:54:06.169Z] ---
{
  "event_type": "message_received",
  "instanceId": "160741",
  "id": "",
  "referenceId": "",
  "hash": "f259c610ded642b187e0a2bf26399fd8",
  "data": {
    "id": "false_972502461179@c.us_3EB067E111F236862885D5",
    "sid": "3EB067E111F236862885D5",
    "from": "972502461179@c.us",
    "to": "972587554588@c.us",
    "author": "",
    "pushname": "יוני~",
    "ack": "",
    "type": "chat",
    "body": "היי",
    "media": "",
    "fromMe": false,
    "self": false,
    "isForwarded": false,
    "isMentioned": false,
    "quotedMsg": {},
    "mentionedIds": [],
    "time": 1770072847
  }
}
[Server] State Before: chatId=972502461179@c.us, Step=0, Retry=0
[Server] State After: chatId=972502461179@c.us, NewStep=1, NewRetry=0

--- WEBHOOK RECEIVED [2026-02-02T22:54:12.372Z] ---
{
  "event_type": "message_received",
  "instanceId": "160741",
  "id": "",
  "referenceId": "",
  "hash": "3c337cb9692826e11207885da7b85e51",
  "data": {
    "id": "false_972502461179@c.us_3EB0D5BE1C5D0E57DFF55D",
    "sid": "3EB0D5BE1C5D0E57DFF55D",
    "from": "972502461179@c.us",
    "to": "972587554588@c.us",
    "author": "",
    "pushname": "יוני~",
    "ack": "",
    "type": "chat",
    "body": "רונית לוי",
    "media": "",
    "fromMe": false,
    "self": false,
    "isForwarded": false,
    "isMentioned": false,
    "quotedMsg": {},
    "mentionedIds": [],
    "time": 1770072853
  }
}
[Server] State Before: chatId=972502461179@c.us, Step=1, Retry=0
[Server] State After: chatId=972502461179@c.us, NewStep=2, NewRetry=0

--- WEBHOOK RECEIVED [2026-02-02T22:54:22.057Z] ---
{
  "event_type": "message_received",
  "instanceId": "160741",
  "id": "",
  "referenceId": "",
  "hash": "62dad57c1696c6ef58ba56124ac45ec7",
  "data": {
    "id": "false_972502461179@c.us_3EB00BE883827967A1D72A",
    "sid": "3EB00BE883827967A1D72A",
    "from": "972502461179@c.us",
    "to": "972587554588@c.us",
    "author": "",
    "pushname": "יוני~",
    "ack": "",
    "type": "chat",
    "body": "מוצקין",
    "media": "",
    "fromMe": false,
    "self": false,
    "isForwarded": false,
    "isMentioned": false,
    "quotedMsg": {},
    "mentionedIds": [],
    "time": 1770072863
  }
}
[Server] State Before: chatId=972502461179@c.us, Step=2, Retry=0
[Server] State After: chatId=972502461179@c.us, NewStep=3, NewRetry=0

--- WEBHOOK RECEIVED [2026-02-02T22:54:33.376Z] ---
{
  "event_type": "message_received",
  "instanceId": "160741",
  "id": "",
  "referenceId": "",
  "hash": "f6348d04bf1c6a17b17f66612f72bb80",
  "data": {
    "id": "false_972502461179@c.us_3EB0374892FE91BF0AF6F1",
    "sid": "3EB0374892FE91BF0AF6F1",
    "from": "972502461179@c.us",
    "to": "972587554588@c.us",
    "author": "",
    "pushname": "יוני~",
    "ack": "",
    "type": "chat",
    "body": "10 שקל",
    "media": "",
    "fromMe": false,
    "self": false,
    "isForwarded": false,
    "isMentioned": false,
    "quotedMsg": {},
    "mentionedIds": [],
    "time": 1770072874
  }
}
[Server] State Before: chatId=972502461179@c.us, Step=3, Retry=0
[Server] State After: chatId=972502461179@c.us, NewStep=4, NewRetry=0

--- WEBHOOK RECEIVED [2026-02-02T22:54:41.137Z] ---
{
  "event_type": "message_received",
  "instanceId": "160741",
  "id": "",
  "referenceId": "",
  "hash": "ca3b05a8146632b9e7f4f810a7e97a50",
  "data": {
    "id": "false_972502461179@c.us_3EB0B6C2112B44DA1A5F9E",
    "sid": "3EB0B6C2112B44DA1A5F9E",
    "from": "972502461179@c.us",
    "to": "972587554588@c.us",
    "author": "",
    "pushname": "יוני~",
    "ack": "",
    "type": "chat",
    "body": "רכישת דירה",
    "media": "",
    "fromMe": false,
    "self": false,
    "isForwarded": false,
    "isMentioned": false,
    "quotedMsg": {},
    "mentionedIds": [],
    "time": 1770072882
  }
}
[Server] State Before: chatId=972502461179@c.us, Step=4, Retry=0
[Server] State After: chatId=972502461179@c.us, NewStep=5, NewRetry=0

--- WEBHOOK RECEIVED [2026-02-02T22:54:46.023Z] ---
{
  "event_type": "message_received",
  "instanceId": "160741",
  "id": "",
  "referenceId": "",
  "hash": "3982d967aa856148a861a87c3dd548f9",
  "data": {
    "id": "false_972502461179@c.us_3EB0F26C0A70BC02804890",
    "sid": "3EB0F26C0A70BC02804890",
    "from": "972502461179@c.us",
    "to": "972587554588@c.us",
    "author": "",
    "pushname": "יוני~",
    "ack": "",
    "type": "chat",
    "body": "כן",
    "media": "",
    "fromMe": false,
    "self": false,
    "isForwarded": false,
    "isMentioned": false,
    "quotedMsg": {},
    "mentionedIds": [],
    "time": 1770072887
  }
}
[Server] State Before: chatId=972502461179@c.us, Step=5, Retry=0
[Server] State After: chatId=972502461179@c.us, NewStep=6, NewRetry=0

--- WEBHOOK RECEIVED [2026-02-02T22:54:50.679Z] ---
{
  "event_type": "message_received",
  "instanceId": "160741",
  "id": "",
  "referenceId": "",
  "hash": "36ea07681bfb982d5c87ce9787fe3bb3",
  "data": {
    "id": "false_972502461179@c.us_3EB02930FF26608E61AFE6",
    "sid": "3EB02930FF26608E61AFE6",
    "from": "972502461179@c.us",
    "to": "972587554588@c.us",
    "author": "",
    "pushname": "יוני~",
    "ack": "",
    "type": "chat",
    "body": "על שמי",
    "media": "",
    "fromMe": false,
    "self": false,
    "isForwarded": false,
    "isMentioned": false,
    "quotedMsg": {},
    "mentionedIds": [],
    "time": 1770072891
  }
}
[Server] State Before: chatId=972502461179@c.us, Step=6, Retry=0
[Server] State After: chatId=972502461179@c.us, NewStep=7, NewRetry=0

--- WEBHOOK RECEIVED [2026-02-02T22:54:57.605Z] ---
{
  "event_type": "message_received",
  "instanceId": "160741",
  "id": "",
  "referenceId": "",
  "hash": "f50a53f2809498dcc215cc53c8d15466",
  "data": {
    "id": "false_972502461179@c.us_3EB06E9C2C1BDAF2DAE997",
    "sid": "3EB06E9C2C1BDAF2DAE997",
    "from": "972502461179@c.us",
    "to": "972587554588@c.us",
    "author": "",
    "pushname": "יוני~",
    "ack": "",
    "type": "chat",
    "body": "טאבו",
    "media": "",
    "fromMe": false,
    "self": false,
    "isForwarded": false,
    "isMentioned": false,
    "quotedMsg": {},
    "mentionedIds": [],
    "time": 1770072898
  }
}
[Server] State Before: chatId=972502461179@c.us, Step=7, Retry=0
[Server] State After: chatId=972502461179@c.us, NewStep=8, NewRetry=0

--- WEBHOOK RECEIVED [2026-02-02T22:55:03.774Z] ---
{
  "event_type": "message_received",
  "instanceId": "160741",
  "id": "",
  "referenceId": "",
  "hash": "e88dc98d6c5fd46d788e90fa36726dc2",
  "data": {
    "id": "false_972502461179@c.us_3EB0ED90E86F63C7E32016",
    "sid": "3EB0ED90E86F63C7E32016",
    "from": "972502461179@c.us",
    "to": "972587554588@c.us",
    "author": "",
    "pushname": "יוני~",
    "ack": "",
    "type": "chat",
    "body": "ברור",
    "media": "",
    "fromMe": false,
    "self": false,
    "isForwarded": false,
    "isMentioned": false,
    "quotedMsg": {},
    "mentionedIds": [],
    "time": 1770072905
  }
}
[Server] State Before: chatId=972502461179@c.us, Step=8, Retry=0
[Server] State After: chatId=972502461179@c.us, NewStep=9, NewRetry=0

--- WEBHOOK RECEIVED [2026-02-02T22:55:08.897Z] ---
{
  "event_type": "message_received",
  "instanceId": "160741",
  "id": "",
  "referenceId": "",
  "hash": "f1f741eef446a0c29f8afd5b7e7fd00f",
  "data": {
    "id": "false_972502461179@c.us_3EB0BA1E29C321AB3CF06B",
    "sid": "3EB0BA1E29C321AB3CF06B",
    "from": "972502461179@c.us",
    "to": "972587554588@c.us",
    "author": "",
    "pushname": "יוני~",
    "ack": "",
    "type": "chat",
    "body": "לא",
    "media": "",
    "fromMe": false,
    "self": false,
    "isForwarded": false,
    "isMentioned": false,
    "quotedMsg": {},
    "mentionedIds": [],
    "time": 1770072910
  }
}
[Server] State Before: chatId=972502461179@c.us, Step=9, Retry=0
[Server] State After: chatId=972502461179@c.us, NewStep=10, NewRetry=0

--- WEBHOOK RECEIVED [2026-02-02T22:55:20.241Z] ---
{
  "event_type": "message_received",
  "instanceId": "160741",
  "id": "",
  "referenceId": "",
  "hash": "cf047a194982f92e2352311a88c83e76",
  "data": {
    "id": "false_972502461179@c.us_3EB0D805306F49F594BC2D",
    "sid": "3EB0D805306F49F594BC2D",
    "from": "972502461179@c.us",
    "to": "972587554588@c.us",
    "author": "",
    "pushname": "יוני~",
    "ack": "",
    "type": "chat",
    "body": "תודה",
    "media": "",
    "fromMe": false,
    "self": false,
    "isForwarded": false,
    "isMentioned": false,
    "quotedMsg": {},
    "mentionedIds": [],
    "time": 1770072921
  }
}
[Server] State Before: chatId=972502461179@c.us, Step=10, Retry=0
[Server] State After: chatId=972502461179@c.us, NewStep=10, NewRetry=0

--- WEBHOOK RECEIVED [2026-02-02T22:56:56.415Z] ---
{
  "event_type": "message_received",
  "instanceId": "160741",
  "id": "",
  "referenceId": "",
  "hash": "5bb7b83e6a50d42f7edff184958c5611",
  "data": {
    "id": "false_972502461179@c.us_3EB0DDEE347CCE6973CBD6",
    "sid": "3EB0DDEE347CCE6973CBD6",
    "from": "972502461179@c.us",
    "to": "972587554588@c.us",
    "author": "",
    "pushname": "יוני~",
    "ack": "",
    "type": "chat",
    "body": "הי",
    "media": "",
    "fromMe": false,
    "self": false,
    "isForwarded": false,
    "isMentioned": false,
    "quotedMsg": {},
    "mentionedIds": [],
    "time": 1770073017
  }
}
[Server] State Before: chatId=972502461179@c.us, Step=10, Retry=0
[Server] State After: chatId=972502461179@c.us, NewStep=10, NewRetry=0

--- WEBHOOK RECEIVED [2026-02-02T22:57:33.253Z] ---
{
  "event_type": "message_received",
  "instanceId": "160741",
  "id": "",
  "referenceId": "",
  "hash": "5c99ccb1827504e603bcecb74afc0422",
  "data": {
    "id": "false_972502461179@c.us_3EB0A32D3912AC98E3CAFE",
    "sid": "3EB0A32D3912AC98E3CAFE",
    "from": "972502461179@c.us",
    "to": "972587554588@c.us",
    "author": "",
    "pushname": "יוני~",
    "ack": "",
    "type": "chat",
    "body": "היי",
    "media": "",
    "fromMe": false,
    "self": false,
    "isForwarded": false,
    "isMentioned": false,
    "quotedMsg": {},
    "mentionedIds": [],
    "time": 1770073054
  }
}
[Server] State Before: chatId=972502461179@c.us, Step=10, Retry=0
[Server] State After: chatId=972502461179@c.us, NewStep=10, NewRetry=0

--- WEBHOOK RECEIVED [2026-02-02T22:58:21.678Z] ---
{
  "event_type": "message_received",
  "instanceId": "160741",
  "id": "",
  "referenceId": "",
  "hash": "6c92ad34756bfc7a5f7eb5d0359fc5ff",
  "data": {
    "id": "false_972502461179@c.us_3EB0035F91A0CAD28E840C",
    "sid": "3EB0035F91A0CAD28E840C",
    "from": "972502461179@c.us",
    "to": "972587554588@c.us",
    "author": "",
    "pushname": "יוני~",
    "ack": "",
    "type": "chat",
    "body": "היי",
    "media": "",
    "fromMe": false,
    "self": false,
    "isForwarded": false,
    "isMentioned": false,
    "quotedMsg": {},
    "mentionedIds": [],
    "time": 1770073102
  }
}
[Server] State Before: chatId=972502461179@c.us, Step=10, Retry=0
[Server] State After: chatId=972502461179@c.us, NewStep=10, NewRetry=0
